<?xml version="1.0" encoding="UTF-8"?>
<!-- Generated by org.testng.reporters.JUnitReportReporter -->
<testsuite hostname="DESKTOP-4G6V73A" failures="0" tests="3" name="Tutorial1.Demo3" time="0.009" errors="0" timestamp="2022-11-14T08:19:51 IST" skipped="0">
  <testcase classname="Tutorial1.Demo3" name="home" time="0.008"/>
  <system-out/>
  <testcase classname="Tutorial1.Demo3" name="login" time="0.001"/>
  <system-out/>
  <testcase classname="Tutorial1.Demo3" name="admin" time="0.000"/>
  <system-out/>
</testsuite> <!-- Tutorial1.Demo3 -->
