<?xml version="1.0" encoding="UTF-8"?>
<!-- Generated by org.testng.reporters.JUnitReportReporter -->
<testsuite hostname="DESKTOP-4G6V73A" failures="0" tests="3" name="Tutorial1.Demo7" time="13.425" errors="0" timestamp="2022-11-14T08:43:54 IST" skipped="0">
  <testcase classname="Tutorial1.Demo7" name="setUp" time="9.171"/>
  <system-out/>
  <testcase classname="Tutorial1.Demo7" name="loginFuctionality" time="0.987"/>
  <system-out/>
  <testcase classname="Tutorial1.Demo7" name="validatePIMPageTitle" time="3.267"/>
  <system-out/>
</testsuite> <!-- Tutorial1.Demo7 -->
