<?xml version="1.0" encoding="UTF-8"?>
<!-- Generated by org.testng.reporters.JUnitReportReporter -->
<testsuite hostname="DESKTOP-4G6V73A" failures="0" tests="3" name="Tutorial1.Demo2" time="0.013" errors="0" timestamp="2022-11-14T08:08:29 IST" skipped="0">
  <testcase classname="Tutorial1.Demo2" name="xyz" time="0.002"/>
  <system-out/>
  <testcase classname="Tutorial1.Demo2" name="abc" time="0.009"/>
  <system-out/>
  <testcase classname="Tutorial1.Demo2" name="pqr" time="0.002"/>
  <system-out/>
</testsuite> <!-- Tutorial1.Demo2 -->
