<?xml version="1.0" encoding="UTF-8"?>
<!-- Generated by org.testng.reporters.JUnitReportReporter -->
<testsuite hostname="DESKTOP-4G6V73A" failures="0" tests="4" name="Tutorial1.Demo4" time="0.019" errors="0" timestamp="2022-11-14T08:17:15 IST" skipped="0">
  <testcase classname="Tutorial1.Demo4" name="addtocart" time="0.001"/>
  <system-out/>
  <testcase classname="Tutorial1.Demo4" name="abc" time="0.016"/>
  <system-out/>
  <testcase classname="Tutorial1.Demo4" name="login" time="0.001"/>
  <system-out/>
  <testcase classname="Tutorial1.Demo4" name="p" time="0.001"/>
  <system-out/>
</testsuite> <!-- Tutorial1.Demo4 -->
