<?xml version="1.0" encoding="UTF-8"?>
<!-- Generated by org.testng.reporters.JUnitReportReporter -->
<testsuite hostname="DESKTOP-4G6V73A" failures="0" tests="4" name="Tutorial1.Demo9" time="0.020" errors="0" timestamp="2022-11-14T09:00:06 IST" skipped="0">
  <testcase classname="Tutorial1.Demo9" name="setUp" time="0.014"/>
  <system-out/>
  <testcase classname="Tutorial1.Demo9" name="loginfunctionality" time="0.002"/>
  <system-out/>
  <testcase classname="Tutorial1.Demo9" name="validateUseronPIM" time="0.002"/>
  <system-out/>
  <testcase classname="Tutorial1.Demo9" name="validateHomePageLogo" time="0.002"/>
  <system-out/>
</testsuite> <!-- Tutorial1.Demo9 -->
