<?xml version="1.0" encoding="UTF-8"?>
<!-- Generated by org.testng.reporters.JUnitReportReporter -->
<testsuite hostname="DESKTOP-4G6V73A" failures="0" tests="3" name="Tutorial2.Demo1" time="11.169" errors="0" timestamp="2022-11-14T09:19:33 IST" skipped="0">
  <testcase classname="Tutorial2.Demo1" name="loginFunctionality" time="0.650"/>
  <system-out/>
  <testcase classname="Tutorial2.Demo1" name="validateHomePageLogo" time="1.654"/>
  <system-out/>
  <testcase classname="Tutorial2.Demo1" name="setUp" time="8.865"/>
  <system-out/>
</testsuite> <!-- Tutorial2.Demo1 -->
